[33mWARNING[0m:  [28-03-2025 22:13:19] chroma_server_nofile is not supported on Windows. chroma_server_nofile will not be set.
[32mINFO[0m:     [28-03-2025 22:13:19] Anonymized telemetry enabled. See                     https://docs.trychroma.com/telemetry for more information.
[36mDEBUG[0m:    [28-03-2025 22:13:19] Starting component System
[36mDEBUG[0m:    [28-03-2025 22:13:19] Starting component OpenTelemetryClient
[36mDEBUG[0m:    [28-03-2025 22:13:19] Starting component SqliteDB
[36mDEBUG[0m:    [28-03-2025 22:13:20] Starting component SimpleQuotaEnforcer
[36mDEBUG[0m:    [28-03-2025 22:13:20] Starting component Posthog
[36mDEBUG[0m:    [28-03-2025 22:13:20] Starting component SimpleRateLimitEnforcer
[36mDEBUG[0m:    [28-03-2025 22:13:20] Starting component LocalSegmentManager
[36mDEBUG[0m:    [28-03-2025 22:13:20] Starting component LocalExecutor
[36mDEBUG[0m:    [28-03-2025 22:13:20] Starting component SegmentAPI
[36mDEBUG[0m:    [28-03-2025 22:13:20] Starting component SimpleAsyncRateLimitEnforcer
[32mINFO[0m:     [28-03-2025 22:13:20] Started server process [[36m8788[0m]
[32mINFO[0m:     [28-03-2025 22:13:20] Waiting for application startup.
[32mINFO[0m:     [28-03-2025 22:13:20] Application startup complete.
[32mINFO[0m:     [28-03-2025 22:13:20] Uvicorn running on [1mhttp://localhost:8000[0m (Press CTRL+C to quit)
[32mINFO[0m:     [28-03-2025 22:15:25] Shutting down
[32mINFO[0m:     [28-03-2025 22:15:25] Waiting for application shutdown.
[36mDEBUG[0m:    [28-03-2025 22:15:25] Stopping component System
[36mDEBUG[0m:    [28-03-2025 22:15:25] Stopping component SegmentAPI
[36mDEBUG[0m:    [28-03-2025 22:15:25] Stopping component LocalExecutor
[36mDEBUG[0m:    [28-03-2025 22:15:25] Stopping component LocalSegmentManager
[36mDEBUG[0m:    [28-03-2025 22:15:25] Stopping component SimpleAsyncRateLimitEnforcer
[36mDEBUG[0m:    [28-03-2025 22:15:25] Stopping component SimpleRateLimitEnforcer
[36mDEBUG[0m:    [28-03-2025 22:15:25] Stopping component Posthog
[36mDEBUG[0m:    [28-03-2025 22:15:25] Stopping component SimpleQuotaEnforcer
[36mDEBUG[0m:    [28-03-2025 22:15:25] Stopping component SqliteDB
[36mDEBUG[0m:    [28-03-2025 22:15:25] Stopping component OpenTelemetryClient
[32mINFO[0m:     [28-03-2025 22:15:25] Application shutdown complete.
[32mINFO[0m:     [28-03-2025 22:15:25] Finished server process [[36m8788[0m]
[33mWARNING[0m:  [28-03-2025 22:26:21] chroma_server_nofile is not supported on Windows. chroma_server_nofile will not be set.
[32mINFO[0m:     [28-03-2025 22:26:21] Anonymized telemetry enabled. See                     https://docs.trychroma.com/telemetry for more information.
[36mDEBUG[0m:    [28-03-2025 22:26:21] Starting component System
[36mDEBUG[0m:    [28-03-2025 22:26:21] Starting component OpenTelemetryClient
[36mDEBUG[0m:    [28-03-2025 22:26:21] Starting component SqliteDB
[36mDEBUG[0m:    [28-03-2025 22:26:21] Starting component SimpleQuotaEnforcer
[36mDEBUG[0m:    [28-03-2025 22:26:21] Starting component Posthog
[36mDEBUG[0m:    [28-03-2025 22:26:21] Starting component SimpleRateLimitEnforcer
[36mDEBUG[0m:    [28-03-2025 22:26:21] Starting component LocalSegmentManager
[36mDEBUG[0m:    [28-03-2025 22:26:21] Starting component LocalExecutor
[36mDEBUG[0m:    [28-03-2025 22:26:21] Starting component SegmentAPI
[36mDEBUG[0m:    [28-03-2025 22:26:21] Starting component SimpleAsyncRateLimitEnforcer
[32mINFO[0m:     [28-03-2025 22:26:21] Started server process [[36m21456[0m]
[32mINFO[0m:     [28-03-2025 22:26:21] Waiting for application startup.
[32mINFO[0m:     [28-03-2025 22:26:21] Application startup complete.
[32mINFO[0m:     [28-03-2025 22:26:21] Uvicorn running on [1mhttp://localhost:8000[0m (Press CTRL+C to quit)
[32mINFO[0m:     [28-03-2025 22:27:30] ::1:56414 - "GET /api/v2/auth/identity HTTP/1.1" 200
[32mINFO[0m:     [28-03-2025 22:27:30] ::1:56415 - "GET /api/v2/tenants/default_tenant HTTP/1.1" 200
[32mINFO[0m:     [28-03-2025 22:27:30] ::1:56415 - "GET /api/v2/tenants/default_tenant/databases/default_database HTTP/1.1" 200
[32mINFO[0m:     [28-03-2025 22:27:30] ::1:56414 - "POST /api/v2/tenants/default_tenant/databases/default_database/collections HTTP/1.1" 200
[32mINFO[0m:     [28-03-2025 22:27:31] ::1:56414 - "GET /api/v2/pre-flight-checks HTTP/1.1" 200
[36mDEBUG[0m:    [28-03-2025 22:27:31] Starting component PersistentLocalHnswSegment
[32mINFO[0m:     [28-03-2025 22:27:31] ::1:56414 - "POST /api/v2/tenants/default_tenant/databases/default_database/collections/d0826043-9fb1-4989-aa42-1c929ec16d17/upsert HTTP/1.1" 200
[32mINFO[0m:     [28-03-2025 22:27:31] ::1:56414 - "POST /api/v2/tenants/default_tenant/databases/default_database/collections/d0826043-9fb1-4989-aa42-1c929ec16d17/upsert HTTP/1.1" 200
[32mINFO[0m:     [28-03-2025 22:27:31] ::1:56414 - "POST /api/v2/tenants/default_tenant/databases/default_database/collections/d0826043-9fb1-4989-aa42-1c929ec16d17/upsert HTTP/1.1" 200
[32mINFO[0m:     [28-03-2025 22:27:31] ::1:56414 - "POST /api/v2/tenants/default_tenant/databases/default_database/collections/d0826043-9fb1-4989-aa42-1c929ec16d17/upsert HTTP/1.1" 200
[32mINFO[0m:     [28-03-2025 22:27:31] ::1:56414 - "POST /api/v2/tenants/default_tenant/databases/default_database/collections/d0826043-9fb1-4989-aa42-1c929ec16d17/upsert HTTP/1.1" 200
[32mINFO[0m:     [28-03-2025 22:30:53] ::1:56524 - "GET /api/v2/auth/identity HTTP/1.1" 200
[32mINFO[0m:     [28-03-2025 22:30:53] ::1:56525 - "GET /api/v2/tenants/default_tenant HTTP/1.1" 200
[32mINFO[0m:     [28-03-2025 22:30:53] ::1:56525 - "GET /api/v2/tenants/default_tenant/databases/default_database HTTP/1.1" 200
[32mINFO[0m:     [28-03-2025 22:30:53] ::1:56524 - "GET /api/v2/tenants/default_tenant/databases/default_database/collections/recipestest HTTP/1.1" 200
[32mINFO[0m:     [28-03-2025 22:30:53] ::1:56524 - "POST /api/v2/tenants/default_tenant/databases/default_database/collections/d0826043-9fb1-4989-aa42-1c929ec16d17/query HTTP/1.1" 200
[32mINFO[0m:     [28-03-2025 23:00:19] Shutting down
[32mINFO[0m:     [28-03-2025 23:00:19] Waiting for application shutdown.
[36mDEBUG[0m:    [28-03-2025 23:00:19] Stopping component System
[36mDEBUG[0m:    [28-03-2025 23:00:19] Stopping component SegmentAPI
[36mDEBUG[0m:    [28-03-2025 23:00:19] Stopping component LocalExecutor
[36mDEBUG[0m:    [28-03-2025 23:00:19] Stopping component PersistentLocalHnswSegment
[36mDEBUG[0m:    [28-03-2025 23:00:19] Stopping component LocalSegmentManager
[36mDEBUG[0m:    [28-03-2025 23:00:19] Stopping component SimpleAsyncRateLimitEnforcer
[36mDEBUG[0m:    [28-03-2025 23:00:19] Stopping component SimpleRateLimitEnforcer
[36mDEBUG[0m:    [28-03-2025 23:00:19] Stopping component Posthog
[36mDEBUG[0m:    [28-03-2025 23:00:19] Stopping component SimpleQuotaEnforcer
[36mDEBUG[0m:    [28-03-2025 23:00:19] Stopping component SqliteDB
[36mDEBUG[0m:    [28-03-2025 23:00:19] Stopping component OpenTelemetryClient
[32mINFO[0m:     [28-03-2025 23:00:19] Application shutdown complete.
[32mINFO[0m:     [28-03-2025 23:00:19] Finished server process [[36m21456[0m]
[33mWARNING[0m:  [01-04-2025 22:56:13] chroma_server_nofile is not supported on Windows. chroma_server_nofile will not be set.
[32mINFO[0m:     [01-04-2025 22:56:15] Anonymized telemetry enabled. See                     https://docs.trychroma.com/telemetry for more information.
[36mDEBUG[0m:    [01-04-2025 22:56:15] Starting component System
[36mDEBUG[0m:    [01-04-2025 22:56:15] Starting component OpenTelemetryClient
[36mDEBUG[0m:    [01-04-2025 22:56:15] Starting component SqliteDB
[36mDEBUG[0m:    [01-04-2025 22:56:15] Starting component SimpleQuotaEnforcer
[36mDEBUG[0m:    [01-04-2025 22:56:15] Starting component Posthog
[36mDEBUG[0m:    [01-04-2025 22:56:15] Starting component SimpleRateLimitEnforcer
[36mDEBUG[0m:    [01-04-2025 22:56:15] Starting component LocalSegmentManager
[36mDEBUG[0m:    [01-04-2025 22:56:15] Starting component LocalExecutor
[36mDEBUG[0m:    [01-04-2025 22:56:15] Starting component SegmentAPI
[36mDEBUG[0m:    [01-04-2025 22:56:15] Starting component SimpleAsyncRateLimitEnforcer
[32mINFO[0m:     [01-04-2025 22:56:15] Started server process [[36m13636[0m]
[32mINFO[0m:     [01-04-2025 22:56:15] Waiting for application startup.
[32mINFO[0m:     [01-04-2025 22:56:15] Application startup complete.
[32mINFO[0m:     [01-04-2025 22:56:15] Uvicorn running on [1mhttp://localhost:8000[0m (Press CTRL+C to quit)
[32mINFO[0m:     [01-04-2025 22:57:36] ::1:57131 - "GET /api/v2/auth/identity HTTP/1.1" 200
[32mINFO[0m:     [01-04-2025 22:57:36] ::1:57132 - "GET /api/v2/tenants/default_tenant HTTP/1.1" 200
[32mINFO[0m:     [01-04-2025 22:57:36] ::1:57132 - "GET /api/v2/tenants/default_tenant/databases/default_database HTTP/1.1" 200
[32mINFO[0m:     [01-04-2025 22:57:36] ::1:57131 - "GET /api/v2/tenants/default_tenant/databases/default_database/collections/recipestest HTTP/1.1" 200
[36mDEBUG[0m:    [01-04-2025 22:57:37] Starting component PersistentLocalHnswSegment
[32mINFO[0m:     [01-04-2025 22:57:37] ::1:57131 - "POST /api/v2/tenants/default_tenant/databases/default_database/collections/d0826043-9fb1-4989-aa42-1c929ec16d17/query HTTP/1.1" 200
[32mINFO[0m:     [01-04-2025 22:58:12] ::1:57154 - "GET /api/v2/auth/identity HTTP/1.1" 200
[32mINFO[0m:     [01-04-2025 22:58:12] ::1:57155 - "GET /api/v2/tenants/default_tenant HTTP/1.1" 200
[32mINFO[0m:     [01-04-2025 22:58:12] ::1:57155 - "GET /api/v2/tenants/default_tenant/databases/default_database HTTP/1.1" 200
[32mINFO[0m:     [01-04-2025 22:58:12] ::1:57154 - "GET /api/v2/tenants/default_tenant/databases/default_database/collections/recipestest HTTP/1.1" 200
[32mINFO[0m:     [01-04-2025 22:58:12] ::1:57154 - "POST /api/v2/tenants/default_tenant/databases/default_database/collections/d0826043-9fb1-4989-aa42-1c929ec16d17/query HTTP/1.1" 200
[32mINFO[0m:     [01-04-2025 22:58:57] ::1:57179 - "GET /api/v2/auth/identity HTTP/1.1" 200
[32mINFO[0m:     [01-04-2025 22:58:57] ::1:57180 - "GET /api/v2/tenants/default_tenant HTTP/1.1" 200
[32mINFO[0m:     [01-04-2025 22:58:57] ::1:57180 - "GET /api/v2/tenants/default_tenant/databases/default_database HTTP/1.1" 200
[32mINFO[0m:     [01-04-2025 22:58:57] ::1:57179 - "GET /api/v2/tenants/default_tenant/databases/default_database/collections/recipestest HTTP/1.1" 200
[32mINFO[0m:     [01-04-2025 22:58:57] ::1:57179 - "POST /api/v2/tenants/default_tenant/databases/default_database/collections/d0826043-9fb1-4989-aa42-1c929ec16d17/query HTTP/1.1" 200
[32mINFO[0m:     [01-04-2025 23:23:06] ::1:58249 - "GET /api/v2/auth/identity HTTP/1.1" 200
[32mINFO[0m:     [01-04-2025 23:23:07] ::1:58250 - "GET /api/v2/tenants/default_tenant HTTP/1.1" 200
[32mINFO[0m:     [01-04-2025 23:23:07] ::1:58250 - "GET /api/v2/tenants/default_tenant/databases/default_database HTTP/1.1" 200
[32mINFO[0m:     [01-04-2025 23:23:16] ::1:58257 - "GET /api/v2/tenants/default_tenant/databases/default_database/collections/recipestest HTTP/1.1" 200
[32mINFO[0m:     [01-04-2025 23:23:17] ::1:58257 - "POST /api/v2/tenants/default_tenant/databases/default_database/collections/d0826043-9fb1-4989-aa42-1c929ec16d17/query HTTP/1.1" 200
[32mINFO[0m:     [01-04-2025 23:27:01] ::1:58357 - "GET /api/v2/auth/identity HTTP/1.1" 200
[32mINFO[0m:     [01-04-2025 23:27:01] ::1:58358 - "GET /api/v2/tenants/default_tenant HTTP/1.1" 200
[32mINFO[0m:     [01-04-2025 23:27:01] ::1:58358 - "GET /api/v2/tenants/default_tenant/databases/default_database HTTP/1.1" 200
[32mINFO[0m:     [01-04-2025 23:27:11] ::1:58364 - "GET /api/v2/tenants/default_tenant/databases/default_database/collections/recipestest HTTP/1.1" 200
[32mINFO[0m:     [01-04-2025 23:27:11] ::1:58364 - "POST /api/v2/tenants/default_tenant/databases/default_database/collections/d0826043-9fb1-4989-aa42-1c929ec16d17/query HTTP/1.1" 200
[32mINFO[0m:     [01-04-2025 23:29:59] ::1:58433 - "GET /api/v2/auth/identity HTTP/1.1" 200
[32mINFO[0m:     [01-04-2025 23:29:59] ::1:58435 - "GET /api/v2/tenants/default_tenant HTTP/1.1" 200
[32mINFO[0m:     [01-04-2025 23:29:59] ::1:58435 - "GET /api/v2/tenants/default_tenant/databases/default_database HTTP/1.1" 200
[32mINFO[0m:     [01-04-2025 23:29:59] ::1:58433 - "GET /api/v2/tenants/default_tenant/databases/default_database/collections/recipestest HTTP/1.1" 200
[32mINFO[0m:     [01-04-2025 23:30:00] ::1:58433 - "POST /api/v2/tenants/default_tenant/databases/default_database/collections/d0826043-9fb1-4989-aa42-1c929ec16d17/query HTTP/1.1" 200
[32mINFO[0m:     [01-04-2025 23:33:49] ::1:58532 - "GET /api/v2/auth/identity HTTP/1.1" 200
[32mINFO[0m:     [01-04-2025 23:33:50] ::1:58533 - "GET /api/v2/tenants/default_tenant HTTP/1.1" 200
[32mINFO[0m:     [01-04-2025 23:33:50] ::1:58533 - "GET /api/v2/tenants/default_tenant/databases/default_database HTTP/1.1" 200
[32mINFO[0m:     [01-04-2025 23:33:58] ::1:58539 - "GET /api/v2/tenants/default_tenant/databases/default_database/collections/recipestest HTTP/1.1" 200
[32mINFO[0m:     [01-04-2025 23:33:59] ::1:58539 - "POST /api/v2/tenants/default_tenant/databases/default_database/collections/d0826043-9fb1-4989-aa42-1c929ec16d17/query HTTP/1.1" 200
[32mINFO[0m:     [01-04-2025 23:35:10] ::1:58580 - "GET /api/v2/auth/identity HTTP/1.1" 200
[32mINFO[0m:     [01-04-2025 23:35:10] ::1:58582 - "GET /api/v2/tenants/default_tenant HTTP/1.1" 200
[32mINFO[0m:     [01-04-2025 23:35:10] ::1:58582 - "GET /api/v2/tenants/default_tenant/databases/default_database HTTP/1.1" 200
[32mINFO[0m:     [01-04-2025 23:35:11] ::1:58580 - "GET /api/v2/tenants/default_tenant/databases/default_database/collections/recipestest HTTP/1.1" 200
[32mINFO[0m:     [01-04-2025 23:35:11] ::1:58580 - "POST /api/v2/tenants/default_tenant/databases/default_database/collections/d0826043-9fb1-4989-aa42-1c929ec16d17/query HTTP/1.1" 200
[32mINFO[0m:     [01-04-2025 23:36:18] ::1:59077 - "GET /api/v2/auth/identity HTTP/1.1" 200
[32mINFO[0m:     [01-04-2025 23:36:19] ::1:59078 - "GET /api/v2/tenants/default_tenant HTTP/1.1" 200
[32mINFO[0m:     [01-04-2025 23:36:19] ::1:59078 - "GET /api/v2/tenants/default_tenant/databases/default_database HTTP/1.1" 200
[32mINFO[0m:     [01-04-2025 23:36:19] ::1:59077 - "GET /api/v2/tenants/default_tenant/databases/default_database/collections/recipestest HTTP/1.1" 200
[32mINFO[0m:     [01-04-2025 23:36:19] ::1:59077 - "POST /api/v2/tenants/default_tenant/databases/default_database/collections/d0826043-9fb1-4989-aa42-1c929ec16d17/query HTTP/1.1" 200
[32mINFO[0m:     [01-04-2025 23:40:30] Shutting down
[32mINFO[0m:     [01-04-2025 23:40:30] Waiting for application shutdown.
[36mDEBUG[0m:    [01-04-2025 23:40:30] Stopping component System
[36mDEBUG[0m:    [01-04-2025 23:40:30] Stopping component SegmentAPI
[36mDEBUG[0m:    [01-04-2025 23:40:30] Stopping component LocalExecutor
[36mDEBUG[0m:    [01-04-2025 23:40:30] Stopping component PersistentLocalHnswSegment
[36mDEBUG[0m:    [01-04-2025 23:40:30] Stopping component LocalSegmentManager
[36mDEBUG[0m:    [01-04-2025 23:40:30] Stopping component SimpleAsyncRateLimitEnforcer
[36mDEBUG[0m:    [01-04-2025 23:40:30] Stopping component SimpleRateLimitEnforcer
[36mDEBUG[0m:    [01-04-2025 23:40:30] Stopping component Posthog
[36mDEBUG[0m:    [01-04-2025 23:40:30] Stopping component SimpleQuotaEnforcer
[36mDEBUG[0m:    [01-04-2025 23:40:30] Stopping component SqliteDB
[36mDEBUG[0m:    [01-04-2025 23:40:30] Stopping component OpenTelemetryClient
[32mINFO[0m:     [01-04-2025 23:40:30] Application shutdown complete.
[32mINFO[0m:     [01-04-2025 23:40:30] Finished server process [[36m13636[0m]
[33mWARNING[0m:  [01-04-2025 23:57:32] chroma_server_nofile is not supported on Windows. chroma_server_nofile will not be set.
[32mINFO[0m:     [01-04-2025 23:57:32] Anonymized telemetry enabled. See                     https://docs.trychroma.com/telemetry for more information.
[36mDEBUG[0m:    [01-04-2025 23:57:32] Starting component System
[36mDEBUG[0m:    [01-04-2025 23:57:32] Starting component OpenTelemetryClient
[36mDEBUG[0m:    [01-04-2025 23:57:32] Starting component SqliteDB
[36mDEBUG[0m:    [01-04-2025 23:57:32] Starting component SimpleQuotaEnforcer
[36mDEBUG[0m:    [01-04-2025 23:57:32] Starting component Posthog
[36mDEBUG[0m:    [01-04-2025 23:57:32] Starting component SimpleRateLimitEnforcer
[36mDEBUG[0m:    [01-04-2025 23:57:32] Starting component LocalSegmentManager
[36mDEBUG[0m:    [01-04-2025 23:57:32] Starting component LocalExecutor
[36mDEBUG[0m:    [01-04-2025 23:57:32] Starting component SegmentAPI
[36mDEBUG[0m:    [01-04-2025 23:57:32] Starting component SimpleAsyncRateLimitEnforcer
[32mINFO[0m:     [01-04-2025 23:57:32] Started server process [[36m22036[0m]
[32mINFO[0m:     [01-04-2025 23:57:32] Waiting for application startup.
[32mINFO[0m:     [01-04-2025 23:57:32] Application startup complete.
[32mINFO[0m:     [01-04-2025 23:57:32] Uvicorn running on [1mhttp://localhost:8000[0m (Press CTRL+C to quit)
[32mINFO[0m:     [02-04-2025 00:02:07] ::1:59570 - "GET /api/v2/auth/identity HTTP/1.1" 200
[32mINFO[0m:     [02-04-2025 00:02:07] ::1:59571 - "GET /api/v2/tenants/default_tenant HTTP/1.1" 200
[32mINFO[0m:     [02-04-2025 00:02:07] ::1:59571 - "GET /api/v2/tenants/default_tenant/databases/default_database HTTP/1.1" 200
[32mINFO[0m:     [02-04-2025 00:02:15] ::1:59576 - "GET /api/v2/tenants/default_tenant/databases/default_database/collections/recipestest HTTP/1.1" 200
[36mDEBUG[0m:    [02-04-2025 00:02:16] Starting component PersistentLocalHnswSegment
[32mINFO[0m:     [02-04-2025 00:02:16] ::1:59576 - "POST /api/v2/tenants/default_tenant/databases/default_database/collections/d0826043-9fb1-4989-aa42-1c929ec16d17/query HTTP/1.1" 200
[32mINFO[0m:     [02-04-2025 00:03:58] ::1:59623 - "GET /api/v2/auth/identity HTTP/1.1" 200
[32mINFO[0m:     [02-04-2025 00:03:58] ::1:59624 - "GET /api/v2/tenants/default_tenant HTTP/1.1" 200
[32mINFO[0m:     [02-04-2025 00:03:58] ::1:59624 - "GET /api/v2/tenants/default_tenant/databases/default_database HTTP/1.1" 200
[32mINFO[0m:     [02-04-2025 00:03:58] ::1:59623 - "GET /api/v2/tenants/default_tenant/databases/default_database/collections/recipestest HTTP/1.1" 200
[32mINFO[0m:     [02-04-2025 00:03:58] ::1:59623 - "POST /api/v2/tenants/default_tenant/databases/default_database/collections/d0826043-9fb1-4989-aa42-1c929ec16d17/query HTTP/1.1" 200
[32mINFO[0m:     [02-04-2025 00:05:32] ::1:59662 - "GET /api/v2/auth/identity HTTP/1.1" 200
[32mINFO[0m:     [02-04-2025 00:05:32] ::1:59664 - "GET /api/v2/tenants/default_tenant HTTP/1.1" 200
[32mINFO[0m:     [02-04-2025 00:05:32] ::1:59664 - "GET /api/v2/tenants/default_tenant/databases/default_database HTTP/1.1" 200
[32mINFO[0m:     [02-04-2025 00:05:32] ::1:59662 - "GET /api/v2/tenants/default_tenant/databases/default_database/collections/recipestest HTTP/1.1" 200
[32mINFO[0m:     [02-04-2025 00:05:32] ::1:59662 - "POST /api/v2/tenants/default_tenant/databases/default_database/collections/d0826043-9fb1-4989-aa42-1c929ec16d17/query HTTP/1.1" 200
[32mINFO[0m:     [02-04-2025 00:06:36] ::1:59699 - "GET /api/v2/auth/identity HTTP/1.1" 200
[32mINFO[0m:     [02-04-2025 00:06:36] ::1:59700 - "GET /api/v2/tenants/default_tenant HTTP/1.1" 200
[32mINFO[0m:     [02-04-2025 00:06:36] ::1:59700 - "GET /api/v2/tenants/default_tenant/databases/default_database HTTP/1.1" 200
[32mINFO[0m:     [02-04-2025 00:06:36] ::1:59699 - "GET /api/v2/tenants/default_tenant/databases/default_database/collections/recipestest HTTP/1.1" 200
[32mINFO[0m:     [02-04-2025 00:06:36] ::1:59699 - "POST /api/v2/tenants/default_tenant/databases/default_database/collections/d0826043-9fb1-4989-aa42-1c929ec16d17/query HTTP/1.1" 200
[32mINFO[0m:     [02-04-2025 00:08:16] ::1:59745 - "GET /api/v2/auth/identity HTTP/1.1" 200
[32mINFO[0m:     [02-04-2025 00:08:16] ::1:59746 - "GET /api/v2/tenants/default_tenant HTTP/1.1" 200
[32mINFO[0m:     [02-04-2025 00:08:16] ::1:59746 - "GET /api/v2/tenants/default_tenant/databases/default_database HTTP/1.1" 200
[32mINFO[0m:     [02-04-2025 00:08:16] ::1:59745 - "GET /api/v2/tenants/default_tenant/databases/default_database/collections/recipestest HTTP/1.1" 200
[32mINFO[0m:     [02-04-2025 00:08:16] ::1:59745 - "POST /api/v2/tenants/default_tenant/databases/default_database/collections/d0826043-9fb1-4989-aa42-1c929ec16d17/query HTTP/1.1" 200
[32mINFO[0m:     [02-04-2025 00:09:46] ::1:59788 - "GET /api/v2/auth/identity HTTP/1.1" 200
[32mINFO[0m:     [02-04-2025 00:09:46] ::1:59790 - "GET /api/v2/tenants/default_tenant HTTP/1.1" 200
[32mINFO[0m:     [02-04-2025 00:09:46] ::1:59790 - "GET /api/v2/tenants/default_tenant/databases/default_database HTTP/1.1" 200
[32mINFO[0m:     [02-04-2025 00:09:52] ::1:59795 - "GET /api/v2/tenants/default_tenant/databases/default_database/collections/recipestest HTTP/1.1" 200
[32mINFO[0m:     [02-04-2025 00:09:52] ::1:59795 - "POST /api/v2/tenants/default_tenant/databases/default_database/collections/d0826043-9fb1-4989-aa42-1c929ec16d17/query HTTP/1.1" 200
[32mINFO[0m:     [02-04-2025 00:10:48] ::1:59818 - "GET /api/v2/auth/identity HTTP/1.1" 200
[32mINFO[0m:     [02-04-2025 00:10:48] ::1:59819 - "GET /api/v2/tenants/default_tenant HTTP/1.1" 200
[32mINFO[0m:     [02-04-2025 00:10:48] ::1:59819 - "GET /api/v2/tenants/default_tenant/databases/default_database HTTP/1.1" 200
[32mINFO[0m:     [02-04-2025 00:10:49] ::1:59818 - "GET /api/v2/tenants/default_tenant/databases/default_database/collections/recipestest HTTP/1.1" 200
[32mINFO[0m:     [02-04-2025 00:10:49] ::1:59818 - "POST /api/v2/tenants/default_tenant/databases/default_database/collections/d0826043-9fb1-4989-aa42-1c929ec16d17/query HTTP/1.1" 200
[32mINFO[0m:     [02-04-2025 00:12:16] ::1:60120 - "GET /api/v2/auth/identity HTTP/1.1" 200
[32mINFO[0m:     [02-04-2025 00:12:16] ::1:60121 - "GET /api/v2/tenants/default_tenant HTTP/1.1" 200
[32mINFO[0m:     [02-04-2025 00:12:16] ::1:60121 - "GET /api/v2/tenants/default_tenant/databases/default_database HTTP/1.1" 200
[32mINFO[0m:     [02-04-2025 00:12:16] ::1:60120 - "GET /api/v2/tenants/default_tenant/databases/default_database/collections/recipestest HTTP/1.1" 200
[32mINFO[0m:     [02-04-2025 00:12:16] ::1:60120 - "POST /api/v2/tenants/default_tenant/databases/default_database/collections/d0826043-9fb1-4989-aa42-1c929ec16d17/query HTTP/1.1" 200
[32mINFO[0m:     [02-04-2025 00:17:56] ::1:60262 - "GET /api/v2/auth/identity HTTP/1.1" 200
[32mINFO[0m:     [02-04-2025 00:17:57] ::1:60264 - "GET /api/v2/tenants/default_tenant HTTP/1.1" 200
[32mINFO[0m:     [02-04-2025 00:17:57] ::1:60264 - "GET /api/v2/tenants/default_tenant/databases/default_database HTTP/1.1" 200
[32mINFO[0m:     [02-04-2025 00:18:02] ::1:60268 - "GET /api/v2/tenants/default_tenant/databases/default_database/collections/recipestest HTTP/1.1" 200
[32mINFO[0m:     [02-04-2025 00:18:03] ::1:60268 - "POST /api/v2/tenants/default_tenant/databases/default_database/collections/d0826043-9fb1-4989-aa42-1c929ec16d17/query HTTP/1.1" 200
[32mINFO[0m:     [02-04-2025 00:21:50] ::1:60360 - "GET /api/v2/auth/identity HTTP/1.1" 200
[32mINFO[0m:     [02-04-2025 00:21:50] ::1:60361 - "GET /api/v2/tenants/default_tenant HTTP/1.1" 200
[32mINFO[0m:     [02-04-2025 00:21:50] ::1:60361 - "GET /api/v2/tenants/default_tenant/databases/default_database HTTP/1.1" 200
[32mINFO[0m:     [02-04-2025 00:21:56] ::1:60368 - "GET /api/v2/tenants/default_tenant/databases/default_database/collections/recipestest HTTP/1.1" 200
[32mINFO[0m:     [02-04-2025 00:21:56] ::1:60368 - "POST /api/v2/tenants/default_tenant/databases/default_database/collections/d0826043-9fb1-4989-aa42-1c929ec16d17/query HTTP/1.1" 200
[32mINFO[0m:     [02-04-2025 00:25:59] ::1:60461 - "GET /api/v2/auth/identity HTTP/1.1" 200
[32mINFO[0m:     [02-04-2025 00:25:59] ::1:60462 - "GET /api/v2/tenants/default_tenant HTTP/1.1" 200
[32mINFO[0m:     [02-04-2025 00:25:59] ::1:60462 - "GET /api/v2/tenants/default_tenant/databases/default_database HTTP/1.1" 200
[32mINFO[0m:     [02-04-2025 00:25:59] ::1:60461 - "GET /api/v2/tenants/default_tenant/databases/default_database/collections/recipestest HTTP/1.1" 200
[32mINFO[0m:     [02-04-2025 00:25:59] ::1:60461 - "POST /api/v2/tenants/default_tenant/databases/default_database/collections/d0826043-9fb1-4989-aa42-1c929ec16d17/query HTTP/1.1" 200
[32mINFO[0m:     [02-04-2025 00:27:08] ::1:60739 - "GET /api/v2/auth/identity HTTP/1.1" 200
[32mINFO[0m:     [02-04-2025 00:27:08] ::1:60740 - "GET /api/v2/tenants/default_tenant HTTP/1.1" 200
[32mINFO[0m:     [02-04-2025 00:27:08] ::1:60740 - "GET /api/v2/tenants/default_tenant/databases/default_database HTTP/1.1" 200
[32mINFO[0m:     [02-04-2025 00:27:08] ::1:60739 - "GET /api/v2/tenants/default_tenant/databases/default_database/collections/recipestest HTTP/1.1" 200
[32mINFO[0m:     [02-04-2025 00:27:08] ::1:60739 - "POST /api/v2/tenants/default_tenant/databases/default_database/collections/d0826043-9fb1-4989-aa42-1c929ec16d17/query HTTP/1.1" 200
[32mINFO[0m:     [02-04-2025 00:40:30] ::1:61106 - "GET /api/v2/auth/identity HTTP/1.1" 200
[32mINFO[0m:     [02-04-2025 00:40:30] ::1:61108 - "GET /api/v2/tenants/default_tenant HTTP/1.1" 200
[32mINFO[0m:     [02-04-2025 00:40:30] ::1:61108 - "GET /api/v2/tenants/default_tenant/databases/default_database HTTP/1.1" 200
[32mINFO[0m:     [02-04-2025 00:40:36] ::1:61113 - "GET /api/v2/tenants/default_tenant/databases/default_database/collections/recipestest HTTP/1.1" 200
[32mINFO[0m:     [02-04-2025 00:40:36] ::1:61113 - "POST /api/v2/tenants/default_tenant/databases/default_database/collections/d0826043-9fb1-4989-aa42-1c929ec16d17/query HTTP/1.1" 200
[32mINFO[0m:     [02-04-2025 00:45:26] ::1:61495 - "GET /api/v2/auth/identity HTTP/1.1" 200
[32mINFO[0m:     [02-04-2025 00:45:26] ::1:61496 - "GET /api/v2/tenants/default_tenant HTTP/1.1" 200
[32mINFO[0m:     [02-04-2025 00:45:26] ::1:61496 - "GET /api/v2/tenants/default_tenant/databases/default_database HTTP/1.1" 200
[32mINFO[0m:     [02-04-2025 00:45:32] ::1:61501 - "GET /api/v2/tenants/default_tenant/databases/default_database/collections/recipestest HTTP/1.1" 200
[32mINFO[0m:     [02-04-2025 00:45:32] ::1:61501 - "POST /api/v2/tenants/default_tenant/databases/default_database/collections/d0826043-9fb1-4989-aa42-1c929ec16d17/query HTTP/1.1" 200
[32mINFO[0m:     [02-04-2025 00:46:52] ::1:61543 - "GET /api/v2/auth/identity HTTP/1.1" 200
[32mINFO[0m:     [02-04-2025 00:46:52] ::1:61544 - "GET /api/v2/tenants/default_tenant HTTP/1.1" 200
[32mINFO[0m:     [02-04-2025 00:46:52] ::1:61544 - "GET /api/v2/tenants/default_tenant/databases/default_database HTTP/1.1" 200
[32mINFO[0m:     [02-04-2025 00:46:52] ::1:61543 - "GET /api/v2/tenants/default_tenant/databases/default_database/collections/recipestest HTTP/1.1" 200
[32mINFO[0m:     [02-04-2025 00:46:52] ::1:61543 - "POST /api/v2/tenants/default_tenant/databases/default_database/collections/d0826043-9fb1-4989-aa42-1c929ec16d17/query HTTP/1.1" 200
[32mINFO[0m:     [02-04-2025 00:54:13] ::1:61764 - "GET /api/v2/auth/identity HTTP/1.1" 200
[32mINFO[0m:     [02-04-2025 00:54:13] ::1:61765 - "GET /api/v2/tenants/default_tenant HTTP/1.1" 200
[32mINFO[0m:     [02-04-2025 00:54:13] ::1:61765 - "GET /api/v2/tenants/default_tenant/databases/default_database HTTP/1.1" 200
[32mINFO[0m:     [02-04-2025 00:54:19] ::1:61770 - "GET /api/v2/tenants/default_tenant/databases/default_database/collections/recipestest HTTP/1.1" 200
[32mINFO[0m:     [02-04-2025 00:54:19] ::1:61770 - "POST /api/v2/tenants/default_tenant/databases/default_database/collections/d0826043-9fb1-4989-aa42-1c929ec16d17/query HTTP/1.1" 200
[32mINFO[0m:     [02-04-2025 00:54:41] ::1:61783 - "GET /api/v2/auth/identity HTTP/1.1" 200
[32mINFO[0m:     [02-04-2025 00:54:41] ::1:61784 - "GET /api/v2/tenants/default_tenant HTTP/1.1" 200
[32mINFO[0m:     [02-04-2025 00:54:41] ::1:61784 - "GET /api/v2/tenants/default_tenant/databases/default_database HTTP/1.1" 200
[32mINFO[0m:     [02-04-2025 00:54:41] ::1:61783 - "GET /api/v2/tenants/default_tenant/databases/default_database/collections/recipestest HTTP/1.1" 200
[32mINFO[0m:     [02-04-2025 00:54:41] ::1:61783 - "POST /api/v2/tenants/default_tenant/databases/default_database/collections/d0826043-9fb1-4989-aa42-1c929ec16d17/query HTTP/1.1" 200
[32mINFO[0m:     [02-04-2025 01:45:41] Shutting down
[32mINFO[0m:     [02-04-2025 01:45:41] Waiting for application shutdown.
[36mDEBUG[0m:    [02-04-2025 01:45:41] Stopping component System
[36mDEBUG[0m:    [02-04-2025 01:45:41] Stopping component SegmentAPI
[36mDEBUG[0m:    [02-04-2025 01:45:41] Stopping component LocalExecutor
[36mDEBUG[0m:    [02-04-2025 01:45:41] Stopping component PersistentLocalHnswSegment
[36mDEBUG[0m:    [02-04-2025 01:45:41] Stopping component LocalSegmentManager
[36mDEBUG[0m:    [02-04-2025 01:45:41] Stopping component SimpleAsyncRateLimitEnforcer
[36mDEBUG[0m:    [02-04-2025 01:45:41] Stopping component SimpleRateLimitEnforcer
[36mDEBUG[0m:    [02-04-2025 01:45:41] Stopping component Posthog
[36mDEBUG[0m:    [02-04-2025 01:45:41] Stopping component SimpleQuotaEnforcer
[36mDEBUG[0m:    [02-04-2025 01:45:41] Stopping component SqliteDB
[36mDEBUG[0m:    [02-04-2025 01:45:41] Stopping component OpenTelemetryClient
[32mINFO[0m:     [02-04-2025 01:45:41] Application shutdown complete.
[32mINFO[0m:     [02-04-2025 01:45:41] Finished server process [[36m22036[0m]
